*** Using Compiler 'V5.06 update 7 (build 960)', folder: 'D:\KeilSTM32\ARM\ARMCC\Bin'
Build target '006templateForZET6'
compiling croutine.c...
compiling timers.c...
compiling heap_4.c...
compiling list.c...
compiling freertos.c...
compiling event_groups.c...
compiling stream_buffer.c...
compiling main.c...
compiling queue.c...
compiling cmsis_os.c...
compiling tasks.c...
compiling port.c...
compiling task2.c...
compiling task1.c...
compiling showTaskInfo.c...
compiling task3.c...
linking...
Program Size: Code=10812 RO-data=420 RW-data=160 ZI-data=22488  
FromELF: creating hex file...
"006templateForZET6\006templateForZET6.axf" - 0 Error(s), 0 Warning(s).
Build Time Elapsed:  00:00:08
