*** Using Compiler 'V5.06 update 7 (build 960)', folder: 'D:\KeilSTM32\ARM\ARMCC\Bin'
Rebuild target '006templateForZET6'
assembling startup_stm32f103xe.s...
compiling stm32f1xx_it.c...
compiling usart.c...
compiling main.c...
compiling stm32f1xx_hal_timebase_tim.c...
compiling stm32f1xx_hal_tim_ex.c...
compiling stm32f1xx_hal_gpio_ex.c...
compiling stm32f1xx_hal_msp.c...
compiling gpio.c...
compiling freertos.c...
compiling stm32f1xx_hal.c...
compiling stm32f1xx_hal_tim.c...
compiling stm32f1xx_hal_rcc.c...
compiling stm32f1xx_hal_rcc_ex.c...
compiling stm32f1xx_hal_gpio.c...
compiling croutine.c...
compiling event_groups.c...
compiling stm32f1xx_hal_dma.c...
compiling list.c...
compiling queue.c...
compiling stream_buffer.c...
compiling timers.c...
compiling tasks.c...
compiling heap_4.c...
compiling stm32f1xx_hal_cortex.c...
compiling cmsis_os.c...
compiling port.c...
compiling stm32f1xx_hal_pwr.c...
compiling stm32f1xx_hal_flash_ex.c...
compiling system_stm32f1xx.c...
compiling stm32f1xx_hal_exti.c...
compiling stm32f1xx_hal_flash.c...
compiling stm32f1xx_hal_uart.c...
compiling task1.c...
compiling task2.c...
compiling task3.c...
compiling showTaskInfo.c...
linking...
Program Size: Code=9692 RO-data=420 RW-data=160 ZI-data=22992  
FromELF: creating hex file...
"006templateForZET6\006templateForZET6.axf" - 0 Error(s), 0 Warning(s).
Build Time Elapsed:  00:00:33
